[2013-12-10 14:34:29][com.inspur.db2excel.Main.db2excel(Main.java:133)][INFO][main]-db_stat.xml:=====Excel文件../excel/dbstat//数据库表统计-20131210_143429.xls开始创建=====
[2013-12-10 14:34:29][com.inspur.db2excel.Main.db2excel(Main.java:145)][INFO][main]-db_stat.xml:-----表及索引大小统计 生成开始-----
[2013-12-10 14:34:29][com.inspur.db2excel.Main.oneTable2Excel(Main.java:179)][INFO][main]-db_stat.xml:表及索引大小统计 sql: select 
		t0.owner "账号",
		t0.table_name "表名",
		t4.saved_days "存储时长(天)",
		t0.partitioned "是否分区表",
		round(t2.size_M/1024) "表大小(G)",
		t1.index_name "索引名",
		t1.partitioned "是否分区索引",
		round(t3.size_M/1024) "索引大小(G)" 
		from 
		(
		    select * 
		    from sys.dba_tables
		) t0
		left join 
		(
		   select * from sys.dba_indexes
		) t1 on t0.owner=t1.table_owner and t0.table_name=t1.table_name
		left join 
		(
		    select 
		    owner,segment_name,segment_type,sum(bytes)/1024/1024 size_M 
		    from sys.dba_segments 
		    group by owner,segment_name,segment_type
		) t2 on t0.owner=t2.owner and t0.table_name=t2.segment_name
		left join 
		(
		    select 
		    owner,segment_name,segment_type,sum(bytes)/1024/1024 size_M 
		    from sys.dba_segments 
		    group by owner,segment_name,segment_type
		) t3 on t1.owner=t3.owner and t1.index_name=t3.segment_name
		left join
		(
		    select owner,table_name,saved_days from om.om_tables
		    union
		    select owner,table_name,saved_days from om.om_par_tables
		)
		t4 on t0.owner=t4.owner and t4.table_name=t0.table_name
		where t0.owner in('CM','PM','PARAM','NWOM')
[2013-12-10 14:35:32][com.inspur.db2excel.Main.oneTable2Excel(Main.java:189)][INFO][main]-columnLabel账号
[2013-12-10 14:35:32][com.inspur.db2excel.Main.oneTable2Excel(Main.java:189)][INFO][main]-columnLabel表名
[2013-12-10 14:35:32][com.inspur.db2excel.Main.oneTable2Excel(Main.java:189)][INFO][main]-columnLabel存储时长(天)
[2013-12-10 14:35:32][com.inspur.db2excel.Main.oneTable2Excel(Main.java:189)][INFO][main]-columnLabel是否分区表
[2013-12-10 14:35:32][com.inspur.db2excel.Main.oneTable2Excel(Main.java:189)][INFO][main]-columnLabel表大小(G)
[2013-12-10 14:35:32][com.inspur.db2excel.Main.oneTable2Excel(Main.java:189)][INFO][main]-columnLabel索引名
[2013-12-10 14:35:32][com.inspur.db2excel.Main.oneTable2Excel(Main.java:189)][INFO][main]-columnLabel是否分区索引
[2013-12-10 14:35:32][com.inspur.db2excel.Main.oneTable2Excel(Main.java:189)][INFO][main]-columnLabel索引大小(G)
[2013-12-10 14:35:32][com.inspur.db2excel.Main.oneTable2Excel(Main.java:258)][INFO][main]-db_stat.xml:表及索引大小统计 保存了101条记录
[2013-12-10 14:35:32][com.inspur.db2excel.Main.oneTable2Excel(Main.java:258)][INFO][main]-db_stat.xml:表及索引大小统计 保存了201条记录
[2013-12-10 14:35:32][com.inspur.db2excel.Main.oneTable2Excel(Main.java:258)][INFO][main]-db_stat.xml:表及索引大小统计 保存了301条记录
[2013-12-10 14:35:32][com.inspur.db2excel.Main.oneTable2Excel(Main.java:258)][INFO][main]-db_stat.xml:表及索引大小统计 保存了401条记录
[2013-12-10 14:35:32][com.inspur.db2excel.Main.oneTable2Excel(Main.java:258)][INFO][main]-db_stat.xml:表及索引大小统计 保存了501条记录
[2013-12-10 14:35:32][com.inspur.db2excel.Main.oneTable2Excel(Main.java:258)][INFO][main]-db_stat.xml:表及索引大小统计 保存了601条记录
[2013-12-10 14:35:32][com.inspur.db2excel.Main.oneTable2Excel(Main.java:258)][INFO][main]-db_stat.xml:表及索引大小统计 保存了701条记录
[2013-12-10 14:35:32][com.inspur.db2excel.Main.oneTable2Excel(Main.java:258)][INFO][main]-db_stat.xml:表及索引大小统计 保存了801条记录
[2013-12-10 14:35:32][com.inspur.db2excel.Main.oneTable2Excel(Main.java:258)][INFO][main]-db_stat.xml:表及索引大小统计 保存了901条记录
[2013-12-10 14:35:32][com.inspur.db2excel.Main.oneTable2Excel(Main.java:258)][INFO][main]-db_stat.xml:表及索引大小统计 保存了1001条记录
[2013-12-10 14:35:32][com.inspur.db2excel.Main.oneTable2Excel(Main.java:258)][INFO][main]-db_stat.xml:表及索引大小统计 保存了1101条记录
[2013-12-10 14:35:32][com.inspur.db2excel.Main.oneTable2Excel(Main.java:258)][INFO][main]-db_stat.xml:表及索引大小统计 保存了1201条记录
[2013-12-10 14:35:32][com.inspur.db2excel.Main.oneTable2Excel(Main.java:258)][INFO][main]-db_stat.xml:表及索引大小统计 保存了1301条记录
[2013-12-10 14:35:32][com.inspur.db2excel.Main.oneTable2Excel(Main.java:258)][INFO][main]-db_stat.xml:表及索引大小统计 保存了1401条记录
[2013-12-10 14:35:33][com.inspur.db2excel.Main.oneTable2Excel(Main.java:258)][INFO][main]-db_stat.xml:表及索引大小统计 保存了1501条记录
[2013-12-10 14:35:33][com.inspur.db2excel.Main.oneTable2Excel(Main.java:258)][INFO][main]-db_stat.xml:表及索引大小统计 保存了1601条记录
[2013-12-10 14:35:33][com.inspur.db2excel.Main.oneTable2Excel(Main.java:258)][INFO][main]-db_stat.xml:表及索引大小统计 保存了1701条记录
[2013-12-10 14:35:33][com.inspur.db2excel.Main.oneTable2Excel(Main.java:258)][INFO][main]-db_stat.xml:表及索引大小统计 保存了1801条记录
[2013-12-10 14:35:33][com.inspur.db2excel.Main.oneTable2Excel(Main.java:258)][INFO][main]-db_stat.xml:表及索引大小统计 保存了1901条记录
[2013-12-10 14:35:33][com.inspur.db2excel.Main.oneTable2Excel(Main.java:258)][INFO][main]-db_stat.xml:表及索引大小统计 保存了2001条记录
[2013-12-10 14:35:33][com.inspur.db2excel.Main.oneTable2Excel(Main.java:258)][INFO][main]-db_stat.xml:表及索引大小统计 保存了2101条记录
[2013-12-10 14:35:33][com.inspur.db2excel.Main.oneTable2Excel(Main.java:258)][INFO][main]-db_stat.xml:表及索引大小统计 保存了2201条记录
[2013-12-10 14:35:33][com.inspur.db2excel.Main.oneTable2Excel(Main.java:258)][INFO][main]-db_stat.xml:表及索引大小统计 保存了2301条记录
[2013-12-10 14:35:33][com.inspur.db2excel.Main.oneTable2Excel(Main.java:258)][INFO][main]-db_stat.xml:表及索引大小统计 保存了2401条记录
[2013-12-10 14:35:33][com.inspur.db2excel.Main.oneTable2Excel(Main.java:258)][INFO][main]-db_stat.xml:表及索引大小统计 保存了2501条记录
[2013-12-10 14:35:33][com.inspur.db2excel.Main.oneTable2Excel(Main.java:258)][INFO][main]-db_stat.xml:表及索引大小统计 保存了2601条记录
[2013-12-10 14:35:33][com.inspur.db2excel.Main.oneTable2Excel(Main.java:258)][INFO][main]-db_stat.xml:表及索引大小统计 保存了2701条记录
[2013-12-10 14:35:33][com.inspur.db2excel.Main.oneTable2Excel(Main.java:258)][INFO][main]-db_stat.xml:表及索引大小统计 保存了2801条记录
[2013-12-10 14:35:33][com.inspur.db2excel.Main.oneTable2Excel(Main.java:258)][INFO][main]-db_stat.xml:表及索引大小统计 保存了2901条记录
[2013-12-10 14:35:33][com.inspur.db2excel.Main.oneTable2Excel(Main.java:258)][INFO][main]-db_stat.xml:表及索引大小统计 保存了3001条记录
[2013-12-10 14:35:33][com.inspur.db2excel.Main.oneTable2Excel(Main.java:267)][INFO][main]-db_stat.xml:表及索引大小统计 共保存了3061条记录
[2013-12-10 14:35:33][com.inspur.db2excel.Main.db2excel(Main.java:151)][INFO][main]-db_stat.xml:-----表及索引大小统计 生成完成-----
[2013-12-10 14:35:33][com.inspur.db2excel.Main.db2excel(Main.java:156)][INFO][main]-db_stat.xml:=====Excel文件../excel/dbstat//数据库表统计-20131210_143429.xls保存完成=====
[2013-12-10 14:39:03][com.inspur.db2excel.Main.db2excel(Main.java:133)][INFO][main]-db_stat.xml:=====Excel文件../excel/dbstat//数据库表统计-20131210_143903.xls开始创建=====
[2013-12-10 14:39:03][com.inspur.db2excel.Main.db2excel(Main.java:145)][INFO][main]-db_stat.xml:-----表及索引大小统计 生成开始-----
[2013-12-10 14:39:03][com.inspur.db2excel.Main.oneTable2Excel(Main.java:179)][INFO][main]-db_stat.xml:表及索引大小统计 sql: select 
		t0.owner "账号",
		t0.table_name "表名",
		t4.saved_days "存储时长(天)",
		t0.partitioned "是否分区表",
		round(t2.size_M/1024) "表大小(G)",
		t1.index_name "索引名",
		t1.partitioned "是否分区索引",
		round(t3.size_M/1024) "索引大小(G)" 
		from 
		(
		    select * 
		    from sys.dba_tables
		) t0
		left join 
		(
		   select * from sys.dba_indexes
		) t1 on t0.owner=t1.table_owner and t0.table_name=t1.table_name
		left join 
		(
		    select 
		    owner,segment_name,segment_type,sum(bytes)/1024/1024 size_M 
		    from sys.dba_segments 
		    group by owner,segment_name,segment_type
		) t2 on t0.owner=t2.owner and t0.table_name=t2.segment_name
		left join 
		(
		    select 
		    owner,segment_name,segment_type,sum(bytes)/1024/1024 size_M 
		    from sys.dba_segments 
		    group by owner,segment_name,segment_type
		) t3 on t1.owner=t3.owner and t1.index_name=t3.segment_name
		left join
		(
		    select owner,table_name,saved_days from om.om_tables
		    union
		    select owner,table_name,saved_days from om.om_par_tables
		)
		t4 on t0.owner=t4.owner and t4.table_name=t0.table_name
		where t0.owner in('CM','PM','PARAM','NWOM')
		order by 5 desc
[2013-12-10 14:39:18][com.inspur.db2excel.Main.oneTable2Excel(Main.java:189)][INFO][main]-columnLabel账号
[2013-12-10 14:39:18][com.inspur.db2excel.Main.oneTable2Excel(Main.java:189)][INFO][main]-columnLabel表名
[2013-12-10 14:39:18][com.inspur.db2excel.Main.oneTable2Excel(Main.java:189)][INFO][main]-columnLabel存储时长(天)
[2013-12-10 14:39:18][com.inspur.db2excel.Main.oneTable2Excel(Main.java:189)][INFO][main]-columnLabel是否分区表
[2013-12-10 14:39:18][com.inspur.db2excel.Main.oneTable2Excel(Main.java:189)][INFO][main]-columnLabel表大小(G)
[2013-12-10 14:39:18][com.inspur.db2excel.Main.oneTable2Excel(Main.java:189)][INFO][main]-columnLabel索引名
[2013-12-10 14:39:18][com.inspur.db2excel.Main.oneTable2Excel(Main.java:189)][INFO][main]-columnLabel是否分区索引
[2013-12-10 14:39:18][com.inspur.db2excel.Main.oneTable2Excel(Main.java:189)][INFO][main]-columnLabel索引大小(G)
[2013-12-10 14:39:18][com.inspur.db2excel.Main.oneTable2Excel(Main.java:258)][INFO][main]-db_stat.xml:表及索引大小统计 保存了101条记录
[2013-12-10 14:39:18][com.inspur.db2excel.Main.oneTable2Excel(Main.java:258)][INFO][main]-db_stat.xml:表及索引大小统计 保存了201条记录
[2013-12-10 14:39:18][com.inspur.db2excel.Main.oneTable2Excel(Main.java:258)][INFO][main]-db_stat.xml:表及索引大小统计 保存了301条记录
[2013-12-10 14:39:18][com.inspur.db2excel.Main.oneTable2Excel(Main.java:258)][INFO][main]-db_stat.xml:表及索引大小统计 保存了401条记录
[2013-12-10 14:39:18][com.inspur.db2excel.Main.oneTable2Excel(Main.java:258)][INFO][main]-db_stat.xml:表及索引大小统计 保存了501条记录
[2013-12-10 14:39:18][com.inspur.db2excel.Main.oneTable2Excel(Main.java:258)][INFO][main]-db_stat.xml:表及索引大小统计 保存了601条记录
[2013-12-10 14:39:19][com.inspur.db2excel.Main.oneTable2Excel(Main.java:258)][INFO][main]-db_stat.xml:表及索引大小统计 保存了701条记录
[2013-12-10 14:39:19][com.inspur.db2excel.Main.oneTable2Excel(Main.java:258)][INFO][main]-db_stat.xml:表及索引大小统计 保存了801条记录
[2013-12-10 14:39:19][com.inspur.db2excel.Main.oneTable2Excel(Main.java:258)][INFO][main]-db_stat.xml:表及索引大小统计 保存了901条记录
[2013-12-10 14:39:19][com.inspur.db2excel.Main.oneTable2Excel(Main.java:258)][INFO][main]-db_stat.xml:表及索引大小统计 保存了1001条记录
[2013-12-10 14:39:19][com.inspur.db2excel.Main.oneTable2Excel(Main.java:258)][INFO][main]-db_stat.xml:表及索引大小统计 保存了1101条记录
[2013-12-10 14:39:19][com.inspur.db2excel.Main.oneTable2Excel(Main.java:258)][INFO][main]-db_stat.xml:表及索引大小统计 保存了1201条记录
[2013-12-10 14:39:19][com.inspur.db2excel.Main.oneTable2Excel(Main.java:258)][INFO][main]-db_stat.xml:表及索引大小统计 保存了1301条记录
[2013-12-10 14:39:19][com.inspur.db2excel.Main.oneTable2Excel(Main.java:258)][INFO][main]-db_stat.xml:表及索引大小统计 保存了1401条记录
[2013-12-10 14:39:19][com.inspur.db2excel.Main.oneTable2Excel(Main.java:258)][INFO][main]-db_stat.xml:表及索引大小统计 保存了1501条记录
[2013-12-10 14:39:19][com.inspur.db2excel.Main.oneTable2Excel(Main.java:258)][INFO][main]-db_stat.xml:表及索引大小统计 保存了1601条记录
[2013-12-10 14:39:19][com.inspur.db2excel.Main.oneTable2Excel(Main.java:258)][INFO][main]-db_stat.xml:表及索引大小统计 保存了1701条记录
[2013-12-10 14:39:19][com.inspur.db2excel.Main.oneTable2Excel(Main.java:258)][INFO][main]-db_stat.xml:表及索引大小统计 保存了1801条记录
[2013-12-10 14:39:19][com.inspur.db2excel.Main.oneTable2Excel(Main.java:258)][INFO][main]-db_stat.xml:表及索引大小统计 保存了1901条记录
[2013-12-10 14:39:19][com.inspur.db2excel.Main.oneTable2Excel(Main.java:258)][INFO][main]-db_stat.xml:表及索引大小统计 保存了2001条记录
[2013-12-10 14:39:19][com.inspur.db2excel.Main.oneTable2Excel(Main.java:258)][INFO][main]-db_stat.xml:表及索引大小统计 保存了2101条记录
[2013-12-10 14:39:19][com.inspur.db2excel.Main.oneTable2Excel(Main.java:258)][INFO][main]-db_stat.xml:表及索引大小统计 保存了2201条记录
[2013-12-10 14:39:19][com.inspur.db2excel.Main.oneTable2Excel(Main.java:258)][INFO][main]-db_stat.xml:表及索引大小统计 保存了2301条记录
[2013-12-10 14:39:19][com.inspur.db2excel.Main.oneTable2Excel(Main.java:258)][INFO][main]-db_stat.xml:表及索引大小统计 保存了2401条记录
[2013-12-10 14:39:19][com.inspur.db2excel.Main.oneTable2Excel(Main.java:258)][INFO][main]-db_stat.xml:表及索引大小统计 保存了2501条记录
[2013-12-10 14:39:19][com.inspur.db2excel.Main.oneTable2Excel(Main.java:258)][INFO][main]-db_stat.xml:表及索引大小统计 保存了2601条记录
[2013-12-10 14:39:19][com.inspur.db2excel.Main.oneTable2Excel(Main.java:258)][INFO][main]-db_stat.xml:表及索引大小统计 保存了2701条记录
[2013-12-10 14:39:19][com.inspur.db2excel.Main.oneTable2Excel(Main.java:258)][INFO][main]-db_stat.xml:表及索引大小统计 保存了2801条记录
[2013-12-10 14:39:19][com.inspur.db2excel.Main.oneTable2Excel(Main.java:258)][INFO][main]-db_stat.xml:表及索引大小统计 保存了2901条记录
[2013-12-10 14:39:19][com.inspur.db2excel.Main.oneTable2Excel(Main.java:258)][INFO][main]-db_stat.xml:表及索引大小统计 保存了3001条记录
[2013-12-10 14:39:19][com.inspur.db2excel.Main.oneTable2Excel(Main.java:267)][INFO][main]-db_stat.xml:表及索引大小统计 共保存了3061条记录
[2013-12-10 14:39:19][com.inspur.db2excel.Main.db2excel(Main.java:151)][INFO][main]-db_stat.xml:-----表及索引大小统计 生成完成-----
[2013-12-10 14:39:20][com.inspur.db2excel.Main.db2excel(Main.java:156)][INFO][main]-db_stat.xml:=====Excel文件../excel/dbstat//数据库表统计-20131210_143903.xls保存完成=====
[2013-12-10 14:48:42][com.inspur.db2excel.Main.db2excel(Main.java:133)][INFO][main]-db_stat.xml:=====Excel文件../excel/dbstat//数据库表统计-20131210_144842.xls开始创建=====
[2013-12-10 14:48:42][com.inspur.db2excel.Main.db2excel(Main.java:145)][INFO][main]-db_stat.xml:-----表及索引大小统计 生成开始-----
[2013-12-10 14:48:42][com.inspur.db2excel.Main.oneTable2Excel(Main.java:179)][INFO][main]-db_stat.xml:表及索引大小统计 sql: select 
		t0.owner "账号",
		t0.table_name "表名",
		t4.saved_days "存储时长(天)",
		t0.partitioned "是否分区表",
		round(t2.size_M/1024) "表大小(G)",
		t1.index_name "索引名",
		t1.partitioned "是否分区索引",
		round(t3.size_M/1024) "索引大小(G)" 
		from 
		(
		    select * 
		    from sys.dba_tables
		) t0
		left join 
		(
		   select * from sys.dba_indexes
		) t1 on t0.owner=t1.table_owner and t0.table_name=t1.table_name
		left join 
		(
		    select 
		    owner,segment_name,segment_type,sum(bytes)/1024/1024 size_M 
		    from sys.dba_segments 
		    group by owner,segment_name,segment_type
		) t2 on t0.owner=t2.owner and t0.table_name=t2.segment_name
		left join 
		(
		    select 
		    owner,segment_name,segment_type,sum(bytes)/1024/1024 size_M 
		    from sys.dba_segments 
		    group by owner,segment_name,segment_type
		) t3 on t1.owner=t3.owner and t1.index_name=t3.segment_name
		left join
		(
		    select owner,table_name,saved_days from om.om_tables
		    union
		    select owner,table_name,saved_days from om.om_par_tables
		)
		t4 on t0.owner=t4.owner and t4.table_name=t0.table_name
		where t0.owner in('CM','PM','PARAM','NWOM')
		order by t2.size_M desc
[2013-12-10 14:48:58][com.inspur.db2excel.Main.oneTable2Excel(Main.java:189)][INFO][main]-columnLabel账号
[2013-12-10 14:48:58][com.inspur.db2excel.Main.oneTable2Excel(Main.java:189)][INFO][main]-columnLabel表名
[2013-12-10 14:48:58][com.inspur.db2excel.Main.oneTable2Excel(Main.java:189)][INFO][main]-columnLabel存储时长(天)
[2013-12-10 14:48:58][com.inspur.db2excel.Main.oneTable2Excel(Main.java:189)][INFO][main]-columnLabel是否分区表
[2013-12-10 14:48:58][com.inspur.db2excel.Main.oneTable2Excel(Main.java:189)][INFO][main]-columnLabel表大小(G)
[2013-12-10 14:48:58][com.inspur.db2excel.Main.oneTable2Excel(Main.java:189)][INFO][main]-columnLabel索引名
[2013-12-10 14:48:58][com.inspur.db2excel.Main.oneTable2Excel(Main.java:189)][INFO][main]-columnLabel是否分区索引
[2013-12-10 14:48:58][com.inspur.db2excel.Main.oneTable2Excel(Main.java:189)][INFO][main]-columnLabel索引大小(G)
[2013-12-10 14:48:58][com.inspur.db2excel.Main.oneTable2Excel(Main.java:258)][INFO][main]-db_stat.xml:表及索引大小统计 保存了101条记录
[2013-12-10 14:48:58][com.inspur.db2excel.Main.oneTable2Excel(Main.java:258)][INFO][main]-db_stat.xml:表及索引大小统计 保存了201条记录
[2013-12-10 14:48:58][com.inspur.db2excel.Main.oneTable2Excel(Main.java:258)][INFO][main]-db_stat.xml:表及索引大小统计 保存了301条记录
[2013-12-10 14:48:59][com.inspur.db2excel.Main.oneTable2Excel(Main.java:258)][INFO][main]-db_stat.xml:表及索引大小统计 保存了401条记录
[2013-12-10 14:48:59][com.inspur.db2excel.Main.oneTable2Excel(Main.java:258)][INFO][main]-db_stat.xml:表及索引大小统计 保存了501条记录
[2013-12-10 14:48:59][com.inspur.db2excel.Main.oneTable2Excel(Main.java:258)][INFO][main]-db_stat.xml:表及索引大小统计 保存了601条记录
[2013-12-10 14:48:59][com.inspur.db2excel.Main.oneTable2Excel(Main.java:258)][INFO][main]-db_stat.xml:表及索引大小统计 保存了701条记录
[2013-12-10 14:48:59][com.inspur.db2excel.Main.oneTable2Excel(Main.java:258)][INFO][main]-db_stat.xml:表及索引大小统计 保存了801条记录
[2013-12-10 14:48:59][com.inspur.db2excel.Main.oneTable2Excel(Main.java:258)][INFO][main]-db_stat.xml:表及索引大小统计 保存了901条记录
[2013-12-10 14:48:59][com.inspur.db2excel.Main.oneTable2Excel(Main.java:258)][INFO][main]-db_stat.xml:表及索引大小统计 保存了1001条记录
[2013-12-10 14:48:59][com.inspur.db2excel.Main.oneTable2Excel(Main.java:258)][INFO][main]-db_stat.xml:表及索引大小统计 保存了1101条记录
[2013-12-10 14:48:59][com.inspur.db2excel.Main.oneTable2Excel(Main.java:258)][INFO][main]-db_stat.xml:表及索引大小统计 保存了1201条记录
[2013-12-10 14:48:59][com.inspur.db2excel.Main.oneTable2Excel(Main.java:258)][INFO][main]-db_stat.xml:表及索引大小统计 保存了1301条记录
[2013-12-10 14:48:59][com.inspur.db2excel.Main.oneTable2Excel(Main.java:258)][INFO][main]-db_stat.xml:表及索引大小统计 保存了1401条记录
[2013-12-10 14:48:59][com.inspur.db2excel.Main.oneTable2Excel(Main.java:258)][INFO][main]-db_stat.xml:表及索引大小统计 保存了1501条记录
[2013-12-10 14:48:59][com.inspur.db2excel.Main.oneTable2Excel(Main.java:258)][INFO][main]-db_stat.xml:表及索引大小统计 保存了1601条记录
[2013-12-10 14:48:59][com.inspur.db2excel.Main.oneTable2Excel(Main.java:258)][INFO][main]-db_stat.xml:表及索引大小统计 保存了1701条记录
[2013-12-10 14:48:59][com.inspur.db2excel.Main.oneTable2Excel(Main.java:258)][INFO][main]-db_stat.xml:表及索引大小统计 保存了1801条记录
[2013-12-10 14:48:59][com.inspur.db2excel.Main.oneTable2Excel(Main.java:258)][INFO][main]-db_stat.xml:表及索引大小统计 保存了1901条记录
[2013-12-10 14:48:59][com.inspur.db2excel.Main.oneTable2Excel(Main.java:258)][INFO][main]-db_stat.xml:表及索引大小统计 保存了2001条记录
[2013-12-10 14:48:59][com.inspur.db2excel.Main.oneTable2Excel(Main.java:258)][INFO][main]-db_stat.xml:表及索引大小统计 保存了2101条记录
[2013-12-10 14:48:59][com.inspur.db2excel.Main.oneTable2Excel(Main.java:258)][INFO][main]-db_stat.xml:表及索引大小统计 保存了2201条记录
[2013-12-10 14:48:59][com.inspur.db2excel.Main.oneTable2Excel(Main.java:258)][INFO][main]-db_stat.xml:表及索引大小统计 保存了2301条记录
[2013-12-10 14:48:59][com.inspur.db2excel.Main.oneTable2Excel(Main.java:258)][INFO][main]-db_stat.xml:表及索引大小统计 保存了2401条记录
[2013-12-10 14:48:59][com.inspur.db2excel.Main.oneTable2Excel(Main.java:258)][INFO][main]-db_stat.xml:表及索引大小统计 保存了2501条记录
[2013-12-10 14:48:59][com.inspur.db2excel.Main.oneTable2Excel(Main.java:258)][INFO][main]-db_stat.xml:表及索引大小统计 保存了2601条记录
[2013-12-10 14:48:59][com.inspur.db2excel.Main.oneTable2Excel(Main.java:258)][INFO][main]-db_stat.xml:表及索引大小统计 保存了2701条记录
[2013-12-10 14:48:59][com.inspur.db2excel.Main.oneTable2Excel(Main.java:258)][INFO][main]-db_stat.xml:表及索引大小统计 保存了2801条记录
[2013-12-10 14:48:59][com.inspur.db2excel.Main.oneTable2Excel(Main.java:258)][INFO][main]-db_stat.xml:表及索引大小统计 保存了2901条记录
[2013-12-10 14:48:59][com.inspur.db2excel.Main.oneTable2Excel(Main.java:258)][INFO][main]-db_stat.xml:表及索引大小统计 保存了3001条记录
[2013-12-10 14:48:59][com.inspur.db2excel.Main.oneTable2Excel(Main.java:267)][INFO][main]-db_stat.xml:表及索引大小统计 共保存了3061条记录
[2013-12-10 14:48:59][com.inspur.db2excel.Main.db2excel(Main.java:151)][INFO][main]-db_stat.xml:-----表及索引大小统计 生成完成-----
[2013-12-10 14:49:00][com.inspur.db2excel.Main.db2excel(Main.java:156)][INFO][main]-db_stat.xml:=====Excel文件../excel/dbstat//数据库表统计-20131210_144842.xls保存完成=====
[2013-12-10 14:52:44][com.inspur.db2excel.Main.db2excel(Main.java:133)][INFO][main]-db_stat.xml:=====Excel文件../excel/dbstat//数据库表统计-20131210_145244.xls开始创建=====
[2013-12-10 14:52:45][com.inspur.db2excel.Main.db2excel(Main.java:145)][INFO][main]-db_stat.xml:-----表及索引大小统计 生成开始-----
[2013-12-10 14:52:45][com.inspur.db2excel.Main.oneTable2Excel(Main.java:179)][INFO][main]-db_stat.xml:表及索引大小统计 sql: select 
		t0.owner "账号",
		t0.table_name "表名",
		t4.saved_days "存储时长(天)",
		t0.partitioned "是否分区表",
		round(t2.size_M/1024) "表大小(G)",
		t1.index_name "索引名",
		t1.partitioned "是否分区索引",
		round(t3.size_M/1024) "索引大小(G)" 
		from 
		(
		    select * 
		    from sys.dba_tables
		) t0
		left join 
		(
		   select * from sys.dba_indexes
		) t1 on t0.owner=t1.table_owner and t0.table_name=t1.table_name
		left join 
		(
		    select 
		    owner,segment_name,segment_type,sum(bytes)/1024/1024 size_M 
		    from sys.dba_segments 
		    group by owner,segment_name,segment_type
		) t2 on t0.owner=t2.owner and t0.table_name=t2.segment_name
		left join 
		(
		    select 
		    owner,segment_name,segment_type,sum(bytes)/1024/1024 size_M 
		    from sys.dba_segments 
		    group by owner,segment_name,segment_type
		) t3 on t1.owner=t3.owner and t1.index_name=t3.segment_name
		left join
		(
		    select owner,table_name,saved_days from om.om_tables
		    union
		    select owner,table_name,saved_days from om.om_par_tables
		)
		t4 on t0.owner=t4.owner and t4.table_name=t0.table_name
		where t0.owner in('CM','PM','PARAM','NWOM')
		order by 5 desc nulls last
[2013-12-10 14:53:09][com.inspur.db2excel.Main.oneTable2Excel(Main.java:189)][INFO][main]-columnLabel账号
[2013-12-10 14:53:09][com.inspur.db2excel.Main.oneTable2Excel(Main.java:189)][INFO][main]-columnLabel表名
[2013-12-10 14:53:09][com.inspur.db2excel.Main.oneTable2Excel(Main.java:189)][INFO][main]-columnLabel存储时长(天)
[2013-12-10 14:53:09][com.inspur.db2excel.Main.oneTable2Excel(Main.java:189)][INFO][main]-columnLabel是否分区表
[2013-12-10 14:53:09][com.inspur.db2excel.Main.oneTable2Excel(Main.java:189)][INFO][main]-columnLabel表大小(G)
[2013-12-10 14:53:09][com.inspur.db2excel.Main.oneTable2Excel(Main.java:189)][INFO][main]-columnLabel索引名
[2013-12-10 14:53:09][com.inspur.db2excel.Main.oneTable2Excel(Main.java:189)][INFO][main]-columnLabel是否分区索引
[2013-12-10 14:53:09][com.inspur.db2excel.Main.oneTable2Excel(Main.java:189)][INFO][main]-columnLabel索引大小(G)
[2013-12-10 14:53:09][com.inspur.db2excel.Main.oneTable2Excel(Main.java:258)][INFO][main]-db_stat.xml:表及索引大小统计 保存了101条记录
[2013-12-10 14:53:09][com.inspur.db2excel.Main.oneTable2Excel(Main.java:258)][INFO][main]-db_stat.xml:表及索引大小统计 保存了201条记录
[2013-12-10 14:53:09][com.inspur.db2excel.Main.oneTable2Excel(Main.java:258)][INFO][main]-db_stat.xml:表及索引大小统计 保存了301条记录
[2013-12-10 14:53:09][com.inspur.db2excel.Main.oneTable2Excel(Main.java:258)][INFO][main]-db_stat.xml:表及索引大小统计 保存了401条记录
[2013-12-10 14:53:09][com.inspur.db2excel.Main.oneTable2Excel(Main.java:258)][INFO][main]-db_stat.xml:表及索引大小统计 保存了501条记录
[2013-12-10 14:53:10][com.inspur.db2excel.Main.oneTable2Excel(Main.java:258)][INFO][main]-db_stat.xml:表及索引大小统计 保存了601条记录
[2013-12-10 14:53:10][com.inspur.db2excel.Main.oneTable2Excel(Main.java:258)][INFO][main]-db_stat.xml:表及索引大小统计 保存了701条记录
[2013-12-10 14:53:10][com.inspur.db2excel.Main.oneTable2Excel(Main.java:258)][INFO][main]-db_stat.xml:表及索引大小统计 保存了801条记录
[2013-12-10 14:53:10][com.inspur.db2excel.Main.oneTable2Excel(Main.java:258)][INFO][main]-db_stat.xml:表及索引大小统计 保存了901条记录
[2013-12-10 14:53:10][com.inspur.db2excel.Main.oneTable2Excel(Main.java:258)][INFO][main]-db_stat.xml:表及索引大小统计 保存了1001条记录
[2013-12-10 14:53:10][com.inspur.db2excel.Main.oneTable2Excel(Main.java:258)][INFO][main]-db_stat.xml:表及索引大小统计 保存了1101条记录
[2013-12-10 14:53:10][com.inspur.db2excel.Main.oneTable2Excel(Main.java:258)][INFO][main]-db_stat.xml:表及索引大小统计 保存了1201条记录
[2013-12-10 14:53:10][com.inspur.db2excel.Main.oneTable2Excel(Main.java:258)][INFO][main]-db_stat.xml:表及索引大小统计 保存了1301条记录
[2013-12-10 14:53:10][com.inspur.db2excel.Main.oneTable2Excel(Main.java:258)][INFO][main]-db_stat.xml:表及索引大小统计 保存了1401条记录
[2013-12-10 14:53:10][com.inspur.db2excel.Main.oneTable2Excel(Main.java:258)][INFO][main]-db_stat.xml:表及索引大小统计 保存了1501条记录
[2013-12-10 14:53:10][com.inspur.db2excel.Main.oneTable2Excel(Main.java:258)][INFO][main]-db_stat.xml:表及索引大小统计 保存了1601条记录
[2013-12-10 14:53:10][com.inspur.db2excel.Main.oneTable2Excel(Main.java:258)][INFO][main]-db_stat.xml:表及索引大小统计 保存了1701条记录
[2013-12-10 14:53:10][com.inspur.db2excel.Main.oneTable2Excel(Main.java:258)][INFO][main]-db_stat.xml:表及索引大小统计 保存了1801条记录
[2013-12-10 14:53:10][com.inspur.db2excel.Main.oneTable2Excel(Main.java:258)][INFO][main]-db_stat.xml:表及索引大小统计 保存了1901条记录
[2013-12-10 14:53:10][com.inspur.db2excel.Main.oneTable2Excel(Main.java:258)][INFO][main]-db_stat.xml:表及索引大小统计 保存了2001条记录
[2013-12-10 14:53:10][com.inspur.db2excel.Main.oneTable2Excel(Main.java:258)][INFO][main]-db_stat.xml:表及索引大小统计 保存了2101条记录
[2013-12-10 14:53:10][com.inspur.db2excel.Main.oneTable2Excel(Main.java:258)][INFO][main]-db_stat.xml:表及索引大小统计 保存了2201条记录
[2013-12-10 14:53:11][com.inspur.db2excel.Main.oneTable2Excel(Main.java:258)][INFO][main]-db_stat.xml:表及索引大小统计 保存了2301条记录
[2013-12-10 14:53:11][com.inspur.db2excel.Main.oneTable2Excel(Main.java:258)][INFO][main]-db_stat.xml:表及索引大小统计 保存了2401条记录
[2013-12-10 14:53:11][com.inspur.db2excel.Main.oneTable2Excel(Main.java:258)][INFO][main]-db_stat.xml:表及索引大小统计 保存了2501条记录
[2013-12-10 14:53:11][com.inspur.db2excel.Main.oneTable2Excel(Main.java:258)][INFO][main]-db_stat.xml:表及索引大小统计 保存了2601条记录
[2013-12-10 14:53:11][com.inspur.db2excel.Main.oneTable2Excel(Main.java:258)][INFO][main]-db_stat.xml:表及索引大小统计 保存了2701条记录
[2013-12-10 14:53:11][com.inspur.db2excel.Main.oneTable2Excel(Main.java:258)][INFO][main]-db_stat.xml:表及索引大小统计 保存了2801条记录
[2013-12-10 14:53:11][com.inspur.db2excel.Main.oneTable2Excel(Main.java:258)][INFO][main]-db_stat.xml:表及索引大小统计 保存了2901条记录
[2013-12-10 14:53:11][com.inspur.db2excel.Main.oneTable2Excel(Main.java:258)][INFO][main]-db_stat.xml:表及索引大小统计 保存了3001条记录
[2013-12-10 14:53:11][com.inspur.db2excel.Main.oneTable2Excel(Main.java:267)][INFO][main]-db_stat.xml:表及索引大小统计 共保存了3061条记录
[2013-12-10 14:53:11][com.inspur.db2excel.Main.db2excel(Main.java:151)][INFO][main]-db_stat.xml:-----表及索引大小统计 生成完成-----
[2013-12-10 14:53:11][com.inspur.db2excel.Main.db2excel(Main.java:156)][INFO][main]-db_stat.xml:=====Excel文件../excel/dbstat//数据库表统计-20131210_145244.xls保存完成=====
[2013-12-10 14:58:03][com.inspur.db2excel.Main.db2excel(Main.java:133)][INFO][main]-db_stat.xml:=====Excel文件../excel/dbstat//数据库表统计-20131210_145803.xls开始创建=====
[2013-12-10 14:58:03][com.inspur.db2excel.Main.db2excel(Main.java:145)][INFO][main]-db_stat.xml:-----表大小统计 生成开始-----
[2013-12-10 14:58:03][com.inspur.db2excel.Main.oneTable2Excel(Main.java:179)][INFO][main]-db_stat.xml:表大小统计 sql: select 
		t0.owner "账号",
		t0.table_name "表名",
		t4.saved_days "存储时长(天)",
		t0.partitioned "是否分区表",
		round(t2.size_M/1024) "表大小(G)"
		from 
		(
		    select * 
		    from sys.dba_tables
		) t0
		left join 
		(
		    select 
		    owner,segment_name,segment_type,sum(bytes)/1024/1024 size_M 
		    from sys.dba_segments 
		    group by owner,segment_name,segment_type
		) t2 on t0.owner=t2.owner and t0.table_name=t2.segment_name
		left join
		(
		    select owner,table_name,saved_days from om.om_tables
		    union
		    select owner,table_name,saved_days from om.om_par_tables
		)
		t4 on t0.owner=t4.owner and t4.table_name=t0.table_name
		where t0.owner in('CM','PM','PARAM','NWOM')
		order by 5 desc nulls last
[2013-12-10 14:58:08][com.inspur.db2excel.Main.oneTable2Excel(Main.java:189)][INFO][main]-columnLabel账号
[2013-12-10 14:58:08][com.inspur.db2excel.Main.oneTable2Excel(Main.java:189)][INFO][main]-columnLabel表名
[2013-12-10 14:58:08][com.inspur.db2excel.Main.oneTable2Excel(Main.java:189)][INFO][main]-columnLabel存储时长(天)
[2013-12-10 14:58:08][com.inspur.db2excel.Main.oneTable2Excel(Main.java:189)][INFO][main]-columnLabel是否分区表
[2013-12-10 14:58:08][com.inspur.db2excel.Main.oneTable2Excel(Main.java:189)][INFO][main]-columnLabel表大小(G)
[2013-12-10 14:58:08][com.inspur.db2excel.Main.oneTable2Excel(Main.java:258)][INFO][main]-db_stat.xml:表大小统计 保存了101条记录
[2013-12-10 14:58:08][com.inspur.db2excel.Main.oneTable2Excel(Main.java:258)][INFO][main]-db_stat.xml:表大小统计 保存了201条记录
[2013-12-10 14:58:08][com.inspur.db2excel.Main.oneTable2Excel(Main.java:258)][INFO][main]-db_stat.xml:表大小统计 保存了301条记录
[2013-12-10 14:58:08][com.inspur.db2excel.Main.oneTable2Excel(Main.java:258)][INFO][main]-db_stat.xml:表大小统计 保存了401条记录
[2013-12-10 14:58:08][com.inspur.db2excel.Main.oneTable2Excel(Main.java:258)][INFO][main]-db_stat.xml:表大小统计 保存了501条记录
[2013-12-10 14:58:08][com.inspur.db2excel.Main.oneTable2Excel(Main.java:258)][INFO][main]-db_stat.xml:表大小统计 保存了601条记录
[2013-12-10 14:58:08][com.inspur.db2excel.Main.oneTable2Excel(Main.java:258)][INFO][main]-db_stat.xml:表大小统计 保存了701条记录
[2013-12-10 14:58:08][com.inspur.db2excel.Main.oneTable2Excel(Main.java:258)][INFO][main]-db_stat.xml:表大小统计 保存了801条记录
[2013-12-10 14:58:08][com.inspur.db2excel.Main.oneTable2Excel(Main.java:258)][INFO][main]-db_stat.xml:表大小统计 保存了901条记录
[2013-12-10 14:58:08][com.inspur.db2excel.Main.oneTable2Excel(Main.java:258)][INFO][main]-db_stat.xml:表大小统计 保存了1001条记录
[2013-12-10 14:58:08][com.inspur.db2excel.Main.oneTable2Excel(Main.java:258)][INFO][main]-db_stat.xml:表大小统计 保存了1101条记录
[2013-12-10 14:58:08][com.inspur.db2excel.Main.oneTable2Excel(Main.java:258)][INFO][main]-db_stat.xml:表大小统计 保存了1201条记录
[2013-12-10 14:58:08][com.inspur.db2excel.Main.oneTable2Excel(Main.java:258)][INFO][main]-db_stat.xml:表大小统计 保存了1301条记录
[2013-12-10 14:58:08][com.inspur.db2excel.Main.oneTable2Excel(Main.java:258)][INFO][main]-db_stat.xml:表大小统计 保存了1401条记录
[2013-12-10 14:58:08][com.inspur.db2excel.Main.oneTable2Excel(Main.java:258)][INFO][main]-db_stat.xml:表大小统计 保存了1501条记录
[2013-12-10 14:58:08][com.inspur.db2excel.Main.oneTable2Excel(Main.java:258)][INFO][main]-db_stat.xml:表大小统计 保存了1601条记录
[2013-12-10 14:58:08][com.inspur.db2excel.Main.oneTable2Excel(Main.java:258)][INFO][main]-db_stat.xml:表大小统计 保存了1701条记录
[2013-12-10 14:58:08][com.inspur.db2excel.Main.oneTable2Excel(Main.java:258)][INFO][main]-db_stat.xml:表大小统计 保存了1801条记录
[2013-12-10 14:58:08][com.inspur.db2excel.Main.oneTable2Excel(Main.java:258)][INFO][main]-db_stat.xml:表大小统计 保存了1901条记录
[2013-12-10 14:58:08][com.inspur.db2excel.Main.oneTable2Excel(Main.java:258)][INFO][main]-db_stat.xml:表大小统计 保存了2001条记录
[2013-12-10 14:58:08][com.inspur.db2excel.Main.oneTable2Excel(Main.java:258)][INFO][main]-db_stat.xml:表大小统计 保存了2101条记录
[2013-12-10 14:58:08][com.inspur.db2excel.Main.oneTable2Excel(Main.java:258)][INFO][main]-db_stat.xml:表大小统计 保存了2201条记录
[2013-12-10 14:58:08][com.inspur.db2excel.Main.oneTable2Excel(Main.java:258)][INFO][main]-db_stat.xml:表大小统计 保存了2301条记录
[2013-12-10 14:58:08][com.inspur.db2excel.Main.oneTable2Excel(Main.java:267)][INFO][main]-db_stat.xml:表大小统计 共保存了2319条记录
[2013-12-10 14:58:08][com.inspur.db2excel.Main.db2excel(Main.java:151)][INFO][main]-db_stat.xml:-----表大小统计 生成完成-----
[2013-12-10 14:58:08][com.inspur.db2excel.Main.db2excel(Main.java:145)][INFO][main]-db_stat.xml:-----索引大小统计 生成开始-----
[2013-12-10 14:58:08][com.inspur.db2excel.Main.oneTable2Excel(Main.java:179)][INFO][main]-db_stat.xml:索引大小统计 sql: select 
		t0.owner "账号",
		t1.index_name "索引名",
		t1.partitioned "是否分区索引",
		round(t3.size_M/1024) "索引大小(G)",
		t0.table_name "表名",
		t4.saved_days "存储时长(天)",
		t0.partitioned "是否分区表",
		round(t2.size_M/1024) "表大小(G)"
		from 
		(
		    select * 
		    from sys.dba_tables
		) t0
		left join 
		(
		   select * from sys.dba_indexes
		) t1 on t0.owner=t1.table_owner and t0.table_name=t1.table_name
		left join 
		(
		    select 
		    owner,segment_name,segment_type,sum(bytes)/1024/1024 size_M 
		    from sys.dba_segments 
		    group by owner,segment_name,segment_type
		) t2 on t0.owner=t2.owner and t0.table_name=t2.segment_name
		left join 
		(
		    select 
		    owner,segment_name,segment_type,sum(bytes)/1024/1024 size_M 
		    from sys.dba_segments 
		    group by owner,segment_name,segment_type
		) t3 on t1.owner=t3.owner and t1.index_name=t3.segment_name
		left join
		(
		    select owner,table_name,saved_days from om.om_tables
		    union
		    select owner,table_name,saved_days from om.om_par_tables
		)
		t4 on t0.owner=t4.owner and t4.table_name=t0.table_name
		where t0.owner in('CM','PM','PARAM','NWOM')
		order by 5 desc nulls last
[2013-12-10 14:58:28][com.inspur.db2excel.Main.oneTable2Excel(Main.java:189)][INFO][main]-columnLabel账号
[2013-12-10 14:58:28][com.inspur.db2excel.Main.oneTable2Excel(Main.java:189)][INFO][main]-columnLabel索引名
[2013-12-10 14:58:28][com.inspur.db2excel.Main.oneTable2Excel(Main.java:189)][INFO][main]-columnLabel是否分区索引
[2013-12-10 14:58:28][com.inspur.db2excel.Main.oneTable2Excel(Main.java:189)][INFO][main]-columnLabel索引大小(G)
[2013-12-10 14:58:28][com.inspur.db2excel.Main.oneTable2Excel(Main.java:189)][INFO][main]-columnLabel表名
[2013-12-10 14:58:28][com.inspur.db2excel.Main.oneTable2Excel(Main.java:189)][INFO][main]-columnLabel存储时长(天)
[2013-12-10 14:58:28][com.inspur.db2excel.Main.oneTable2Excel(Main.java:189)][INFO][main]-columnLabel是否分区表
[2013-12-10 14:58:28][com.inspur.db2excel.Main.oneTable2Excel(Main.java:189)][INFO][main]-columnLabel表大小(G)
[2013-12-10 14:58:28][com.inspur.db2excel.Main.oneTable2Excel(Main.java:258)][INFO][main]-db_stat.xml:索引大小统计 保存了101条记录
[2013-12-10 14:58:28][com.inspur.db2excel.Main.oneTable2Excel(Main.java:258)][INFO][main]-db_stat.xml:索引大小统计 保存了201条记录
[2013-12-10 14:58:28][com.inspur.db2excel.Main.oneTable2Excel(Main.java:258)][INFO][main]-db_stat.xml:索引大小统计 保存了301条记录
[2013-12-10 14:58:28][com.inspur.db2excel.Main.oneTable2Excel(Main.java:258)][INFO][main]-db_stat.xml:索引大小统计 保存了401条记录
[2013-12-10 14:58:28][com.inspur.db2excel.Main.oneTable2Excel(Main.java:258)][INFO][main]-db_stat.xml:索引大小统计 保存了501条记录
[2013-12-10 14:58:28][com.inspur.db2excel.Main.oneTable2Excel(Main.java:258)][INFO][main]-db_stat.xml:索引大小统计 保存了601条记录
[2013-12-10 14:58:28][com.inspur.db2excel.Main.oneTable2Excel(Main.java:258)][INFO][main]-db_stat.xml:索引大小统计 保存了701条记录
[2013-12-10 14:58:28][com.inspur.db2excel.Main.oneTable2Excel(Main.java:258)][INFO][main]-db_stat.xml:索引大小统计 保存了801条记录
[2013-12-10 14:58:28][com.inspur.db2excel.Main.oneTable2Excel(Main.java:258)][INFO][main]-db_stat.xml:索引大小统计 保存了901条记录
[2013-12-10 14:58:28][com.inspur.db2excel.Main.oneTable2Excel(Main.java:258)][INFO][main]-db_stat.xml:索引大小统计 保存了1001条记录
[2013-12-10 14:58:28][com.inspur.db2excel.Main.oneTable2Excel(Main.java:258)][INFO][main]-db_stat.xml:索引大小统计 保存了1101条记录
[2013-12-10 14:58:29][com.inspur.db2excel.Main.oneTable2Excel(Main.java:258)][INFO][main]-db_stat.xml:索引大小统计 保存了1201条记录
[2013-12-10 14:58:29][com.inspur.db2excel.Main.oneTable2Excel(Main.java:258)][INFO][main]-db_stat.xml:索引大小统计 保存了1301条记录
[2013-12-10 14:58:29][com.inspur.db2excel.Main.oneTable2Excel(Main.java:258)][INFO][main]-db_stat.xml:索引大小统计 保存了1401条记录
[2013-12-10 14:58:29][com.inspur.db2excel.Main.oneTable2Excel(Main.java:258)][INFO][main]-db_stat.xml:索引大小统计 保存了1501条记录
[2013-12-10 14:58:29][com.inspur.db2excel.Main.oneTable2Excel(Main.java:258)][INFO][main]-db_stat.xml:索引大小统计 保存了1601条记录
[2013-12-10 14:58:29][com.inspur.db2excel.Main.oneTable2Excel(Main.java:258)][INFO][main]-db_stat.xml:索引大小统计 保存了1701条记录
[2013-12-10 14:58:29][com.inspur.db2excel.Main.oneTable2Excel(Main.java:258)][INFO][main]-db_stat.xml:索引大小统计 保存了1801条记录
[2013-12-10 14:58:29][com.inspur.db2excel.Main.oneTable2Excel(Main.java:258)][INFO][main]-db_stat.xml:索引大小统计 保存了1901条记录
[2013-12-10 14:58:29][com.inspur.db2excel.Main.oneTable2Excel(Main.java:258)][INFO][main]-db_stat.xml:索引大小统计 保存了2001条记录
[2013-12-10 14:58:29][com.inspur.db2excel.Main.oneTable2Excel(Main.java:258)][INFO][main]-db_stat.xml:索引大小统计 保存了2101条记录
[2013-12-10 14:58:29][com.inspur.db2excel.Main.oneTable2Excel(Main.java:258)][INFO][main]-db_stat.xml:索引大小统计 保存了2201条记录
[2013-12-10 14:58:29][com.inspur.db2excel.Main.oneTable2Excel(Main.java:258)][INFO][main]-db_stat.xml:索引大小统计 保存了2301条记录
[2013-12-10 14:58:29][com.inspur.db2excel.Main.oneTable2Excel(Main.java:258)][INFO][main]-db_stat.xml:索引大小统计 保存了2401条记录
[2013-12-10 14:58:29][com.inspur.db2excel.Main.oneTable2Excel(Main.java:258)][INFO][main]-db_stat.xml:索引大小统计 保存了2501条记录
[2013-12-10 14:58:29][com.inspur.db2excel.Main.oneTable2Excel(Main.java:258)][INFO][main]-db_stat.xml:索引大小统计 保存了2601条记录
[2013-12-10 14:58:29][com.inspur.db2excel.Main.oneTable2Excel(Main.java:258)][INFO][main]-db_stat.xml:索引大小统计 保存了2701条记录
[2013-12-10 14:58:29][com.inspur.db2excel.Main.oneTable2Excel(Main.java:258)][INFO][main]-db_stat.xml:索引大小统计 保存了2801条记录
[2013-12-10 14:58:29][com.inspur.db2excel.Main.oneTable2Excel(Main.java:258)][INFO][main]-db_stat.xml:索引大小统计 保存了2901条记录
[2013-12-10 14:58:29][com.inspur.db2excel.Main.oneTable2Excel(Main.java:258)][INFO][main]-db_stat.xml:索引大小统计 保存了3001条记录
[2013-12-10 14:58:29][com.inspur.db2excel.Main.oneTable2Excel(Main.java:267)][INFO][main]-db_stat.xml:索引大小统计 共保存了3061条记录
[2013-12-10 14:58:29][com.inspur.db2excel.Main.db2excel(Main.java:151)][INFO][main]-db_stat.xml:-----索引大小统计 生成完成-----
[2013-12-10 14:58:29][com.inspur.db2excel.Main.db2excel(Main.java:156)][INFO][main]-db_stat.xml:=====Excel文件../excel/dbstat//数据库表统计-20131210_145803.xls保存完成=====
[2013-12-10 15:07:21][com.inspur.db2excel.Main.db2excel(Main.java:133)][INFO][main]-db_stat.xml:=====Excel文件../excel/dbstat//数据库表统计-20131210_150721.xls开始创建=====
[2013-12-10 15:07:21][com.inspur.db2excel.Main.db2excel(Main.java:145)][INFO][main]-db_stat.xml:-----表大小统计 生成开始-----
[2013-12-10 15:07:21][com.inspur.db2excel.Main.oneTable2Excel(Main.java:179)][INFO][main]-db_stat.xml:表大小统计 sql: select 
		t0.owner "账号",
		t0.table_name "表名",
		round(t2.size_M/1024) "表大小(G)",
		t4.saved_days "存储时长(天)",
		t0.partitioned "是否分区表"
		from 
		(
		    select * 
		    from sys.dba_tables
		) t0
		left join 
		(
		    select 
		    owner,segment_name,segment_type,sum(bytes)/1024/1024 size_M 
		    from sys.dba_segments 
		    group by owner,segment_name,segment_type
		) t2 on t0.owner=t2.owner and t0.table_name=t2.segment_name
		left join
		(
		    select owner,table_name,saved_days from om.om_tables
		    union
		    select owner,table_name,saved_days from om.om_par_tables
		)
		t4 on t0.owner=t4.owner and t4.table_name=t0.table_name
		where t0.owner in('CM','PM','PARAM','NWOM')
		order by 5 desc nulls last
[2013-12-10 15:07:26][com.inspur.db2excel.Main.oneTable2Excel(Main.java:189)][INFO][main]-columnLabel账号
[2013-12-10 15:07:26][com.inspur.db2excel.Main.oneTable2Excel(Main.java:189)][INFO][main]-columnLabel表名
[2013-12-10 15:07:26][com.inspur.db2excel.Main.oneTable2Excel(Main.java:189)][INFO][main]-columnLabel表大小(G)
[2013-12-10 15:07:26][com.inspur.db2excel.Main.oneTable2Excel(Main.java:189)][INFO][main]-columnLabel存储时长(天)
[2013-12-10 15:07:26][com.inspur.db2excel.Main.oneTable2Excel(Main.java:189)][INFO][main]-columnLabel是否分区表
[2013-12-10 15:07:26][com.inspur.db2excel.Main.oneTable2Excel(Main.java:258)][INFO][main]-db_stat.xml:表大小统计 保存了101条记录
[2013-12-10 15:07:26][com.inspur.db2excel.Main.oneTable2Excel(Main.java:258)][INFO][main]-db_stat.xml:表大小统计 保存了201条记录
[2013-12-10 15:07:26][com.inspur.db2excel.Main.oneTable2Excel(Main.java:258)][INFO][main]-db_stat.xml:表大小统计 保存了301条记录
[2013-12-10 15:07:26][com.inspur.db2excel.Main.oneTable2Excel(Main.java:258)][INFO][main]-db_stat.xml:表大小统计 保存了401条记录
[2013-12-10 15:07:26][com.inspur.db2excel.Main.oneTable2Excel(Main.java:258)][INFO][main]-db_stat.xml:表大小统计 保存了501条记录
[2013-12-10 15:07:26][com.inspur.db2excel.Main.oneTable2Excel(Main.java:258)][INFO][main]-db_stat.xml:表大小统计 保存了601条记录
[2013-12-10 15:07:26][com.inspur.db2excel.Main.oneTable2Excel(Main.java:258)][INFO][main]-db_stat.xml:表大小统计 保存了701条记录
[2013-12-10 15:07:26][com.inspur.db2excel.Main.oneTable2Excel(Main.java:258)][INFO][main]-db_stat.xml:表大小统计 保存了801条记录
[2013-12-10 15:07:26][com.inspur.db2excel.Main.oneTable2Excel(Main.java:258)][INFO][main]-db_stat.xml:表大小统计 保存了901条记录
[2013-12-10 15:07:26][com.inspur.db2excel.Main.oneTable2Excel(Main.java:258)][INFO][main]-db_stat.xml:表大小统计 保存了1001条记录
[2013-12-10 15:07:26][com.inspur.db2excel.Main.oneTable2Excel(Main.java:258)][INFO][main]-db_stat.xml:表大小统计 保存了1101条记录
[2013-12-10 15:07:26][com.inspur.db2excel.Main.oneTable2Excel(Main.java:258)][INFO][main]-db_stat.xml:表大小统计 保存了1201条记录
[2013-12-10 15:07:26][com.inspur.db2excel.Main.oneTable2Excel(Main.java:258)][INFO][main]-db_stat.xml:表大小统计 保存了1301条记录
[2013-12-10 15:07:26][com.inspur.db2excel.Main.oneTable2Excel(Main.java:258)][INFO][main]-db_stat.xml:表大小统计 保存了1401条记录
[2013-12-10 15:07:26][com.inspur.db2excel.Main.oneTable2Excel(Main.java:258)][INFO][main]-db_stat.xml:表大小统计 保存了1501条记录
[2013-12-10 15:07:26][com.inspur.db2excel.Main.oneTable2Excel(Main.java:258)][INFO][main]-db_stat.xml:表大小统计 保存了1601条记录
[2013-12-10 15:07:26][com.inspur.db2excel.Main.oneTable2Excel(Main.java:258)][INFO][main]-db_stat.xml:表大小统计 保存了1701条记录
[2013-12-10 15:07:26][com.inspur.db2excel.Main.oneTable2Excel(Main.java:258)][INFO][main]-db_stat.xml:表大小统计 保存了1801条记录
[2013-12-10 15:07:26][com.inspur.db2excel.Main.oneTable2Excel(Main.java:258)][INFO][main]-db_stat.xml:表大小统计 保存了1901条记录
[2013-12-10 15:07:26][com.inspur.db2excel.Main.oneTable2Excel(Main.java:258)][INFO][main]-db_stat.xml:表大小统计 保存了2001条记录
[2013-12-10 15:07:27][com.inspur.db2excel.Main.oneTable2Excel(Main.java:258)][INFO][main]-db_stat.xml:表大小统计 保存了2101条记录
[2013-12-10 15:07:27][com.inspur.db2excel.Main.oneTable2Excel(Main.java:258)][INFO][main]-db_stat.xml:表大小统计 保存了2201条记录
[2013-12-10 15:07:27][com.inspur.db2excel.Main.oneTable2Excel(Main.java:258)][INFO][main]-db_stat.xml:表大小统计 保存了2301条记录
[2013-12-10 15:07:27][com.inspur.db2excel.Main.oneTable2Excel(Main.java:267)][INFO][main]-db_stat.xml:表大小统计 共保存了2319条记录
[2013-12-10 15:07:27][com.inspur.db2excel.Main.db2excel(Main.java:151)][INFO][main]-db_stat.xml:-----表大小统计 生成完成-----
[2013-12-10 15:07:27][com.inspur.db2excel.Main.db2excel(Main.java:145)][INFO][main]-db_stat.xml:-----索引大小统计 生成开始-----
[2013-12-10 15:07:27][com.inspur.db2excel.Main.oneTable2Excel(Main.java:179)][INFO][main]-db_stat.xml:索引大小统计 sql: select 
		t0.owner "账号",
		t1.index_name "索引名",
		round(t3.size_M/1024) "索引大小(G)",
		t1.partitioned "是否分区索引",
		t4.saved_days "存储时长(天)",
		t0.table_name "表名",
		round(t2.size_M/1024) "表大小(G)",
		t0.partitioned "是否分区表"
		from 
		(
		    select * 
		    from sys.dba_tables
		) t0
		left join 
		(
		   select * from sys.dba_indexes
		) t1 on t0.owner=t1.table_owner and t0.table_name=t1.table_name
		left join 
		(
		    select 
		    owner,segment_name,segment_type,sum(bytes)/1024/1024 size_M 
		    from sys.dba_segments 
		    group by owner,segment_name,segment_type
		) t2 on t0.owner=t2.owner and t0.table_name=t2.segment_name
		left join 
		(
		    select 
		    owner,segment_name,segment_type,sum(bytes)/1024/1024 size_M 
		    from sys.dba_segments 
		    group by owner,segment_name,segment_type
		) t3 on t1.owner=t3.owner and t1.index_name=t3.segment_name
		left join
		(
		    select owner,table_name,saved_days from om.om_tables
		    union
		    select owner,table_name,saved_days from om.om_par_tables
		)
		t4 on t0.owner=t4.owner and t4.table_name=t0.table_name
		where t0.owner in('CM','PM','PARAM','NWOM') and t1.index_name is not null
		order by 5 desc nulls last
[2013-12-10 15:09:08][com.inspur.db2excel.Main.oneTable2Excel(Main.java:189)][INFO][main]-columnLabel账号
[2013-12-10 15:09:08][com.inspur.db2excel.Main.oneTable2Excel(Main.java:189)][INFO][main]-columnLabel索引名
[2013-12-10 15:09:08][com.inspur.db2excel.Main.oneTable2Excel(Main.java:189)][INFO][main]-columnLabel索引大小(G)
[2013-12-10 15:09:08][com.inspur.db2excel.Main.oneTable2Excel(Main.java:189)][INFO][main]-columnLabel是否分区索引
[2013-12-10 15:09:08][com.inspur.db2excel.Main.oneTable2Excel(Main.java:189)][INFO][main]-columnLabel存储时长(天)
[2013-12-10 15:09:08][com.inspur.db2excel.Main.oneTable2Excel(Main.java:189)][INFO][main]-columnLabel表名
[2013-12-10 15:09:08][com.inspur.db2excel.Main.oneTable2Excel(Main.java:189)][INFO][main]-columnLabel表大小(G)
[2013-12-10 15:09:08][com.inspur.db2excel.Main.oneTable2Excel(Main.java:189)][INFO][main]-columnLabel是否分区表
[2013-12-10 15:09:08][com.inspur.db2excel.Main.oneTable2Excel(Main.java:258)][INFO][main]-db_stat.xml:索引大小统计 保存了101条记录
[2013-12-10 15:09:08][com.inspur.db2excel.Main.oneTable2Excel(Main.java:258)][INFO][main]-db_stat.xml:索引大小统计 保存了201条记录
[2013-12-10 15:09:08][com.inspur.db2excel.Main.oneTable2Excel(Main.java:258)][INFO][main]-db_stat.xml:索引大小统计 保存了301条记录
[2013-12-10 15:09:08][com.inspur.db2excel.Main.oneTable2Excel(Main.java:258)][INFO][main]-db_stat.xml:索引大小统计 保存了401条记录
[2013-12-10 15:09:08][com.inspur.db2excel.Main.oneTable2Excel(Main.java:258)][INFO][main]-db_stat.xml:索引大小统计 保存了501条记录
[2013-12-10 15:09:08][com.inspur.db2excel.Main.oneTable2Excel(Main.java:258)][INFO][main]-db_stat.xml:索引大小统计 保存了601条记录
[2013-12-10 15:09:08][com.inspur.db2excel.Main.oneTable2Excel(Main.java:258)][INFO][main]-db_stat.xml:索引大小统计 保存了701条记录
[2013-12-10 15:09:08][com.inspur.db2excel.Main.oneTable2Excel(Main.java:258)][INFO][main]-db_stat.xml:索引大小统计 保存了801条记录
[2013-12-10 15:09:08][com.inspur.db2excel.Main.oneTable2Excel(Main.java:258)][INFO][main]-db_stat.xml:索引大小统计 保存了901条记录
[2013-12-10 15:09:08][com.inspur.db2excel.Main.oneTable2Excel(Main.java:258)][INFO][main]-db_stat.xml:索引大小统计 保存了1001条记录
[2013-12-10 15:09:09][com.inspur.db2excel.Main.oneTable2Excel(Main.java:258)][INFO][main]-db_stat.xml:索引大小统计 保存了1101条记录
[2013-12-10 15:09:09][com.inspur.db2excel.Main.oneTable2Excel(Main.java:258)][INFO][main]-db_stat.xml:索引大小统计 保存了1201条记录
[2013-12-10 15:09:09][com.inspur.db2excel.Main.oneTable2Excel(Main.java:258)][INFO][main]-db_stat.xml:索引大小统计 保存了1301条记录
[2013-12-10 15:09:09][com.inspur.db2excel.Main.oneTable2Excel(Main.java:258)][INFO][main]-db_stat.xml:索引大小统计 保存了1401条记录
[2013-12-10 15:09:09][com.inspur.db2excel.Main.oneTable2Excel(Main.java:258)][INFO][main]-db_stat.xml:索引大小统计 保存了1501条记录
[2013-12-10 15:09:09][com.inspur.db2excel.Main.oneTable2Excel(Main.java:258)][INFO][main]-db_stat.xml:索引大小统计 保存了1601条记录
[2013-12-10 15:09:09][com.inspur.db2excel.Main.oneTable2Excel(Main.java:258)][INFO][main]-db_stat.xml:索引大小统计 保存了1701条记录
[2013-12-10 15:09:09][com.inspur.db2excel.Main.oneTable2Excel(Main.java:258)][INFO][main]-db_stat.xml:索引大小统计 保存了1801条记录
[2013-12-10 15:09:09][com.inspur.db2excel.Main.oneTable2Excel(Main.java:258)][INFO][main]-db_stat.xml:索引大小统计 保存了1901条记录
[2013-12-10 15:09:09][com.inspur.db2excel.Main.oneTable2Excel(Main.java:258)][INFO][main]-db_stat.xml:索引大小统计 保存了2001条记录
[2013-12-10 15:09:09][com.inspur.db2excel.Main.oneTable2Excel(Main.java:258)][INFO][main]-db_stat.xml:索引大小统计 保存了2101条记录
[2013-12-10 15:09:09][com.inspur.db2excel.Main.oneTable2Excel(Main.java:267)][INFO][main]-db_stat.xml:索引大小统计 共保存了2176条记录
[2013-12-10 15:09:09][com.inspur.db2excel.Main.db2excel(Main.java:151)][INFO][main]-db_stat.xml:-----索引大小统计 生成完成-----
[2013-12-10 15:09:09][com.inspur.db2excel.Main.db2excel(Main.java:156)][INFO][main]-db_stat.xml:=====Excel文件../excel/dbstat//数据库表统计-20131210_150721.xls保存完成=====
[2013-12-10 15:14:47][com.inspur.db2excel.Main.db2excel(Main.java:133)][INFO][main]-db_stat.xml:=====Excel文件../excel/dbstat//数据库表统计-20131210_151447.xls开始创建=====
[2013-12-10 15:14:47][com.inspur.db2excel.Main.db2excel(Main.java:145)][INFO][main]-db_stat.xml:-----表大小统计 生成开始-----
[2013-12-10 15:14:47][com.inspur.db2excel.Main.oneTable2Excel(Main.java:179)][INFO][main]-db_stat.xml:表大小统计 sql: select 
		t0.owner "账号",
		t0.table_name "表名",
		round(t2.size_M/1024) "表大小(G)",
		t4.saved_days "存储时长(天)",
		t0.partitioned "是否分区表"
		from 
		(
		    select * 
		    from sys.dba_tables
		) t0
		left join 
		(
		    select 
		    owner,segment_name,segment_type,sum(bytes)/1024/1024 size_M 
		    from sys.dba_segments 
		    group by owner,segment_name,segment_type
		) t2 on t0.owner=t2.owner and t0.table_name=t2.segment_name
		left join
		(
		    select owner,table_name,saved_days from om.om_tables
		    union
		    select owner,table_name,saved_days from om.om_par_tables
		)
		t4 on t0.owner=t4.owner and t4.table_name=t0.table_name
		where t0.owner in('CM','PM','PARAM','NWOM')
		order by 3 desc nulls last
[2013-12-10 15:15:21][com.inspur.db2excel.Main.oneTable2Excel(Main.java:189)][INFO][main]-columnLabel账号
[2013-12-10 15:15:21][com.inspur.db2excel.Main.oneTable2Excel(Main.java:189)][INFO][main]-columnLabel表名
[2013-12-10 15:15:21][com.inspur.db2excel.Main.oneTable2Excel(Main.java:189)][INFO][main]-columnLabel表大小(G)
[2013-12-10 15:15:21][com.inspur.db2excel.Main.oneTable2Excel(Main.java:189)][INFO][main]-columnLabel存储时长(天)
[2013-12-10 15:15:21][com.inspur.db2excel.Main.oneTable2Excel(Main.java:189)][INFO][main]-columnLabel是否分区表
[2013-12-10 15:15:21][com.inspur.db2excel.Main.oneTable2Excel(Main.java:258)][INFO][main]-db_stat.xml:表大小统计 保存了101条记录
[2013-12-10 15:15:21][com.inspur.db2excel.Main.oneTable2Excel(Main.java:258)][INFO][main]-db_stat.xml:表大小统计 保存了201条记录
[2013-12-10 15:15:21][com.inspur.db2excel.Main.oneTable2Excel(Main.java:258)][INFO][main]-db_stat.xml:表大小统计 保存了301条记录
[2013-12-10 15:15:21][com.inspur.db2excel.Main.oneTable2Excel(Main.java:258)][INFO][main]-db_stat.xml:表大小统计 保存了401条记录
[2013-12-10 15:15:21][com.inspur.db2excel.Main.oneTable2Excel(Main.java:258)][INFO][main]-db_stat.xml:表大小统计 保存了501条记录
[2013-12-10 15:15:21][com.inspur.db2excel.Main.oneTable2Excel(Main.java:258)][INFO][main]-db_stat.xml:表大小统计 保存了601条记录
[2013-12-10 15:15:21][com.inspur.db2excel.Main.oneTable2Excel(Main.java:258)][INFO][main]-db_stat.xml:表大小统计 保存了701条记录
[2013-12-10 15:15:21][com.inspur.db2excel.Main.oneTable2Excel(Main.java:258)][INFO][main]-db_stat.xml:表大小统计 保存了801条记录
[2013-12-10 15:15:21][com.inspur.db2excel.Main.oneTable2Excel(Main.java:258)][INFO][main]-db_stat.xml:表大小统计 保存了901条记录
[2013-12-10 15:15:21][com.inspur.db2excel.Main.oneTable2Excel(Main.java:258)][INFO][main]-db_stat.xml:表大小统计 保存了1001条记录
[2013-12-10 15:15:21][com.inspur.db2excel.Main.oneTable2Excel(Main.java:258)][INFO][main]-db_stat.xml:表大小统计 保存了1101条记录
[2013-12-10 15:15:21][com.inspur.db2excel.Main.oneTable2Excel(Main.java:258)][INFO][main]-db_stat.xml:表大小统计 保存了1201条记录
[2013-12-10 15:15:21][com.inspur.db2excel.Main.oneTable2Excel(Main.java:258)][INFO][main]-db_stat.xml:表大小统计 保存了1301条记录
[2013-12-10 15:15:21][com.inspur.db2excel.Main.oneTable2Excel(Main.java:258)][INFO][main]-db_stat.xml:表大小统计 保存了1401条记录
[2013-12-10 15:15:21][com.inspur.db2excel.Main.oneTable2Excel(Main.java:258)][INFO][main]-db_stat.xml:表大小统计 保存了1501条记录
[2013-12-10 15:15:21][com.inspur.db2excel.Main.oneTable2Excel(Main.java:258)][INFO][main]-db_stat.xml:表大小统计 保存了1601条记录
[2013-12-10 15:15:21][com.inspur.db2excel.Main.oneTable2Excel(Main.java:258)][INFO][main]-db_stat.xml:表大小统计 保存了1701条记录
[2013-12-10 15:15:21][com.inspur.db2excel.Main.oneTable2Excel(Main.java:258)][INFO][main]-db_stat.xml:表大小统计 保存了1801条记录
[2013-12-10 15:15:21][com.inspur.db2excel.Main.oneTable2Excel(Main.java:258)][INFO][main]-db_stat.xml:表大小统计 保存了1901条记录
[2013-12-10 15:15:21][com.inspur.db2excel.Main.oneTable2Excel(Main.java:258)][INFO][main]-db_stat.xml:表大小统计 保存了2001条记录
[2013-12-10 15:15:21][com.inspur.db2excel.Main.oneTable2Excel(Main.java:258)][INFO][main]-db_stat.xml:表大小统计 保存了2101条记录
[2013-12-10 15:15:21][com.inspur.db2excel.Main.oneTable2Excel(Main.java:258)][INFO][main]-db_stat.xml:表大小统计 保存了2201条记录
[2013-12-10 15:15:22][com.inspur.db2excel.Main.oneTable2Excel(Main.java:258)][INFO][main]-db_stat.xml:表大小统计 保存了2301条记录
[2013-12-10 15:15:22][com.inspur.db2excel.Main.oneTable2Excel(Main.java:267)][INFO][main]-db_stat.xml:表大小统计 共保存了2319条记录
[2013-12-10 15:15:22][com.inspur.db2excel.Main.db2excel(Main.java:151)][INFO][main]-db_stat.xml:-----表大小统计 生成完成-----
[2013-12-10 15:15:22][com.inspur.db2excel.Main.db2excel(Main.java:145)][INFO][main]-db_stat.xml:-----索引大小统计 生成开始-----
[2013-12-10 15:15:22][com.inspur.db2excel.Main.oneTable2Excel(Main.java:179)][INFO][main]-db_stat.xml:索引大小统计 sql: select 
		t0.owner "账号",
		t1.index_name "索引名",
		round(t3.size_M/1024) "索引大小(G)",
		t1.partitioned "是否分区索引",
		t4.saved_days "存储时长(天)",
		t0.table_name "表名",
		round(t2.size_M/1024) "表大小(G)",
		t0.partitioned "是否分区表"
		from 
		(
		    select * 
		    from sys.dba_tables
		) t0
		left join 
		(
		   select * from sys.dba_indexes
		) t1 on t0.owner=t1.table_owner and t0.table_name=t1.table_name
		left join 
		(
		    select 
		    owner,segment_name,segment_type,sum(bytes)/1024/1024 size_M 
		    from sys.dba_segments 
		    group by owner,segment_name,segment_type
		) t2 on t0.owner=t2.owner and t0.table_name=t2.segment_name
		left join 
		(
		    select 
		    owner,segment_name,segment_type,sum(bytes)/1024/1024 size_M 
		    from sys.dba_segments 
		    group by owner,segment_name,segment_type
		) t3 on t1.owner=t3.owner and t1.index_name=t3.segment_name
		left join
		(
		    select owner,table_name,saved_days from om.om_tables
		    union
		    select owner,table_name,saved_days from om.om_par_tables
		)
		t4 on t0.owner=t4.owner and t4.table_name=t0.table_name
		where t0.owner in('CM','PM','PARAM','NWOM') and t1.index_name is not null
		order by 3 desc nulls last
[2013-12-10 15:16:04][com.inspur.db2excel.Main.oneTable2Excel(Main.java:189)][INFO][main]-columnLabel账号
[2013-12-10 15:16:04][com.inspur.db2excel.Main.oneTable2Excel(Main.java:189)][INFO][main]-columnLabel索引名
[2013-12-10 15:16:04][com.inspur.db2excel.Main.oneTable2Excel(Main.java:189)][INFO][main]-columnLabel索引大小(G)
[2013-12-10 15:16:04][com.inspur.db2excel.Main.oneTable2Excel(Main.java:189)][INFO][main]-columnLabel是否分区索引
[2013-12-10 15:16:04][com.inspur.db2excel.Main.oneTable2Excel(Main.java:189)][INFO][main]-columnLabel存储时长(天)
[2013-12-10 15:16:04][com.inspur.db2excel.Main.oneTable2Excel(Main.java:189)][INFO][main]-columnLabel表名
[2013-12-10 15:16:04][com.inspur.db2excel.Main.oneTable2Excel(Main.java:189)][INFO][main]-columnLabel表大小(G)
[2013-12-10 15:16:04][com.inspur.db2excel.Main.oneTable2Excel(Main.java:189)][INFO][main]-columnLabel是否分区表
[2013-12-10 15:16:04][com.inspur.db2excel.Main.oneTable2Excel(Main.java:258)][INFO][main]-db_stat.xml:索引大小统计 保存了101条记录
[2013-12-10 15:16:04][com.inspur.db2excel.Main.oneTable2Excel(Main.java:258)][INFO][main]-db_stat.xml:索引大小统计 保存了201条记录
[2013-12-10 15:16:04][com.inspur.db2excel.Main.oneTable2Excel(Main.java:258)][INFO][main]-db_stat.xml:索引大小统计 保存了301条记录
[2013-12-10 15:16:04][com.inspur.db2excel.Main.oneTable2Excel(Main.java:258)][INFO][main]-db_stat.xml:索引大小统计 保存了401条记录
[2013-12-10 15:16:04][com.inspur.db2excel.Main.oneTable2Excel(Main.java:258)][INFO][main]-db_stat.xml:索引大小统计 保存了501条记录
[2013-12-10 15:16:04][com.inspur.db2excel.Main.oneTable2Excel(Main.java:258)][INFO][main]-db_stat.xml:索引大小统计 保存了601条记录
[2013-12-10 15:16:04][com.inspur.db2excel.Main.oneTable2Excel(Main.java:258)][INFO][main]-db_stat.xml:索引大小统计 保存了701条记录
[2013-12-10 15:16:04][com.inspur.db2excel.Main.oneTable2Excel(Main.java:258)][INFO][main]-db_stat.xml:索引大小统计 保存了801条记录
[2013-12-10 15:16:04][com.inspur.db2excel.Main.oneTable2Excel(Main.java:258)][INFO][main]-db_stat.xml:索引大小统计 保存了901条记录
[2013-12-10 15:16:04][com.inspur.db2excel.Main.oneTable2Excel(Main.java:258)][INFO][main]-db_stat.xml:索引大小统计 保存了1001条记录
[2013-12-10 15:16:04][com.inspur.db2excel.Main.oneTable2Excel(Main.java:258)][INFO][main]-db_stat.xml:索引大小统计 保存了1101条记录
[2013-12-10 15:16:04][com.inspur.db2excel.Main.oneTable2Excel(Main.java:258)][INFO][main]-db_stat.xml:索引大小统计 保存了1201条记录
[2013-12-10 15:16:04][com.inspur.db2excel.Main.oneTable2Excel(Main.java:258)][INFO][main]-db_stat.xml:索引大小统计 保存了1301条记录
[2013-12-10 15:16:04][com.inspur.db2excel.Main.oneTable2Excel(Main.java:258)][INFO][main]-db_stat.xml:索引大小统计 保存了1401条记录
[2013-12-10 15:16:04][com.inspur.db2excel.Main.oneTable2Excel(Main.java:258)][INFO][main]-db_stat.xml:索引大小统计 保存了1501条记录
[2013-12-10 15:16:04][com.inspur.db2excel.Main.oneTable2Excel(Main.java:258)][INFO][main]-db_stat.xml:索引大小统计 保存了1601条记录
[2013-12-10 15:16:04][com.inspur.db2excel.Main.oneTable2Excel(Main.java:258)][INFO][main]-db_stat.xml:索引大小统计 保存了1701条记录
[2013-12-10 15:16:05][com.inspur.db2excel.Main.oneTable2Excel(Main.java:258)][INFO][main]-db_stat.xml:索引大小统计 保存了1801条记录
[2013-12-10 15:16:05][com.inspur.db2excel.Main.oneTable2Excel(Main.java:258)][INFO][main]-db_stat.xml:索引大小统计 保存了1901条记录
[2013-12-10 15:16:05][com.inspur.db2excel.Main.oneTable2Excel(Main.java:258)][INFO][main]-db_stat.xml:索引大小统计 保存了2001条记录
[2013-12-10 15:16:05][com.inspur.db2excel.Main.oneTable2Excel(Main.java:258)][INFO][main]-db_stat.xml:索引大小统计 保存了2101条记录
[2013-12-10 15:16:05][com.inspur.db2excel.Main.oneTable2Excel(Main.java:267)][INFO][main]-db_stat.xml:索引大小统计 共保存了2176条记录
[2013-12-10 15:16:05][com.inspur.db2excel.Main.db2excel(Main.java:151)][INFO][main]-db_stat.xml:-----索引大小统计 生成完成-----
[2013-12-10 15:16:05][com.inspur.db2excel.Main.db2excel(Main.java:156)][INFO][main]-db_stat.xml:=====Excel文件../excel/dbstat//数据库表统计-20131210_151447.xls保存完成=====
[2013-12-10 15:25:41][com.inspur.db2excel.Main.db2excel(Main.java:133)][INFO][main]-db_stat.xml:=====Excel文件../excel/dbstat//数据库表统计-20131210_152541.xls开始创建=====
[2013-12-10 15:25:41][com.inspur.db2excel.Main.db2excel(Main.java:145)][INFO][main]-db_stat.xml:-----表大小统计 生成开始-----
[2013-12-10 15:25:41][com.inspur.db2excel.Main.oneTable2Excel(Main.java:179)][INFO][main]-db_stat.xml:表大小统计 sql: select 
		t0.owner "账号",
		t0.table_name "表名",
		round(t2.size_M/1024) "表大小(G)",
		t0.num_rows "数据条数",
		t4.saved_days "存储时长(天)",
		t0.partitioned "是否分区表"
		from 
		(
		    select * 
		    from sys.dba_tables
		) t0
		left join 
		(
		    select 
		    owner,segment_name,segment_type,sum(bytes)/1024/1024 size_M 
		    from sys.dba_segments 
		    group by owner,segment_name,segment_type
		) t2 on t0.owner=t2.owner and t0.table_name=t2.segment_name
		left join
		(
		    select owner,table_name,saved_days from om.om_tables
		    union
		    select owner,table_name,saved_days from om.om_par_tables
		)
		t4 on t0.owner=t4.owner and t4.table_name=t0.table_name
		where t0.owner in('CM','PM','PARAM','NWOM')
		order by 3 desc nulls last
[2013-12-10 15:25:45][com.inspur.db2excel.Main.oneTable2Excel(Main.java:189)][INFO][main]-columnLabel账号
[2013-12-10 15:25:45][com.inspur.db2excel.Main.oneTable2Excel(Main.java:189)][INFO][main]-columnLabel表名
[2013-12-10 15:25:45][com.inspur.db2excel.Main.oneTable2Excel(Main.java:189)][INFO][main]-columnLabel表大小(G)
[2013-12-10 15:25:45][com.inspur.db2excel.Main.oneTable2Excel(Main.java:189)][INFO][main]-columnLabel数据条数
[2013-12-10 15:25:45][com.inspur.db2excel.Main.oneTable2Excel(Main.java:189)][INFO][main]-columnLabel存储时长(天)
[2013-12-10 15:25:45][com.inspur.db2excel.Main.oneTable2Excel(Main.java:189)][INFO][main]-columnLabel是否分区表
[2013-12-10 15:25:45][com.inspur.db2excel.Main.oneTable2Excel(Main.java:258)][INFO][main]-db_stat.xml:表大小统计 保存了101条记录
[2013-12-10 15:25:45][com.inspur.db2excel.Main.oneTable2Excel(Main.java:258)][INFO][main]-db_stat.xml:表大小统计 保存了201条记录
[2013-12-10 15:25:45][com.inspur.db2excel.Main.oneTable2Excel(Main.java:258)][INFO][main]-db_stat.xml:表大小统计 保存了301条记录
[2013-12-10 15:25:45][com.inspur.db2excel.Main.oneTable2Excel(Main.java:258)][INFO][main]-db_stat.xml:表大小统计 保存了401条记录
[2013-12-10 15:25:45][com.inspur.db2excel.Main.oneTable2Excel(Main.java:258)][INFO][main]-db_stat.xml:表大小统计 保存了501条记录
[2013-12-10 15:25:45][com.inspur.db2excel.Main.oneTable2Excel(Main.java:258)][INFO][main]-db_stat.xml:表大小统计 保存了601条记录
[2013-12-10 15:25:45][com.inspur.db2excel.Main.oneTable2Excel(Main.java:258)][INFO][main]-db_stat.xml:表大小统计 保存了701条记录
[2013-12-10 15:25:45][com.inspur.db2excel.Main.oneTable2Excel(Main.java:258)][INFO][main]-db_stat.xml:表大小统计 保存了801条记录
[2013-12-10 15:25:45][com.inspur.db2excel.Main.oneTable2Excel(Main.java:258)][INFO][main]-db_stat.xml:表大小统计 保存了901条记录
[2013-12-10 15:25:45][com.inspur.db2excel.Main.oneTable2Excel(Main.java:258)][INFO][main]-db_stat.xml:表大小统计 保存了1001条记录
[2013-12-10 15:25:45][com.inspur.db2excel.Main.oneTable2Excel(Main.java:258)][INFO][main]-db_stat.xml:表大小统计 保存了1101条记录
[2013-12-10 15:25:45][com.inspur.db2excel.Main.oneTable2Excel(Main.java:258)][INFO][main]-db_stat.xml:表大小统计 保存了1201条记录
[2013-12-10 15:25:45][com.inspur.db2excel.Main.oneTable2Excel(Main.java:258)][INFO][main]-db_stat.xml:表大小统计 保存了1301条记录
[2013-12-10 15:25:45][com.inspur.db2excel.Main.oneTable2Excel(Main.java:258)][INFO][main]-db_stat.xml:表大小统计 保存了1401条记录
[2013-12-10 15:25:45][com.inspur.db2excel.Main.oneTable2Excel(Main.java:258)][INFO][main]-db_stat.xml:表大小统计 保存了1501条记录
[2013-12-10 15:25:45][com.inspur.db2excel.Main.oneTable2Excel(Main.java:258)][INFO][main]-db_stat.xml:表大小统计 保存了1601条记录
[2013-12-10 15:25:45][com.inspur.db2excel.Main.oneTable2Excel(Main.java:258)][INFO][main]-db_stat.xml:表大小统计 保存了1701条记录
[2013-12-10 15:25:45][com.inspur.db2excel.Main.oneTable2Excel(Main.java:258)][INFO][main]-db_stat.xml:表大小统计 保存了1801条记录
[2013-12-10 15:25:45][com.inspur.db2excel.Main.oneTable2Excel(Main.java:258)][INFO][main]-db_stat.xml:表大小统计 保存了1901条记录
[2013-12-10 15:25:45][com.inspur.db2excel.Main.oneTable2Excel(Main.java:258)][INFO][main]-db_stat.xml:表大小统计 保存了2001条记录
[2013-12-10 15:25:45][com.inspur.db2excel.Main.oneTable2Excel(Main.java:258)][INFO][main]-db_stat.xml:表大小统计 保存了2101条记录
[2013-12-10 15:25:45][com.inspur.db2excel.Main.oneTable2Excel(Main.java:258)][INFO][main]-db_stat.xml:表大小统计 保存了2201条记录
[2013-12-10 15:25:45][com.inspur.db2excel.Main.oneTable2Excel(Main.java:258)][INFO][main]-db_stat.xml:表大小统计 保存了2301条记录
[2013-12-10 15:25:46][com.inspur.db2excel.Main.oneTable2Excel(Main.java:267)][INFO][main]-db_stat.xml:表大小统计 共保存了2319条记录
[2013-12-10 15:25:46][com.inspur.db2excel.Main.db2excel(Main.java:151)][INFO][main]-db_stat.xml:-----表大小统计 生成完成-----
[2013-12-10 15:25:46][com.inspur.db2excel.Main.db2excel(Main.java:145)][INFO][main]-db_stat.xml:-----索引大小统计 生成开始-----
[2013-12-10 15:25:46][com.inspur.db2excel.Main.oneTable2Excel(Main.java:179)][INFO][main]-db_stat.xml:索引大小统计 sql: select 
		t0.owner "账号",
		t1.index_name "索引名",
		round(t3.size_M/1024) "索引大小(G)",
		t1.partitioned "是否分区索引",
		t4.saved_days "存储时长(天)",
		t0.table_name "表名",
		round(t2.size_M/1024) "表大小(G)",
		t0.partitioned "是否分区表"
		from 
		(
		    select * 
		    from sys.dba_tables
		) t0
		left join 
		(
		   select * from sys.dba_indexes
		) t1 on t0.owner=t1.table_owner and t0.table_name=t1.table_name
		left join 
		(
		    select 
		    owner,segment_name,segment_type,sum(bytes)/1024/1024 size_M 
		    from sys.dba_segments 
		    group by owner,segment_name,segment_type
		) t2 on t0.owner=t2.owner and t0.table_name=t2.segment_name
		left join 
		(
		    select 
		    owner,segment_name,segment_type,sum(bytes)/1024/1024 size_M 
		    from sys.dba_segments 
		    group by owner,segment_name,segment_type
		) t3 on t1.owner=t3.owner and t1.index_name=t3.segment_name
		left join
		(
		    select owner,table_name,saved_days from om.om_tables
		    union
		    select owner,table_name,saved_days from om.om_par_tables
		)
		t4 on t0.owner=t4.owner and t4.table_name=t0.table_name
		where t0.owner in('CM','PM','PARAM','NWOM') and t1.index_name is not null
		order by 3 desc nulls last
[2013-12-10 15:26:32][com.inspur.db2excel.Main.oneTable2Excel(Main.java:189)][INFO][main]-columnLabel账号
[2013-12-10 15:26:32][com.inspur.db2excel.Main.oneTable2Excel(Main.java:189)][INFO][main]-columnLabel索引名
[2013-12-10 15:26:32][com.inspur.db2excel.Main.oneTable2Excel(Main.java:189)][INFO][main]-columnLabel索引大小(G)
[2013-12-10 15:26:32][com.inspur.db2excel.Main.oneTable2Excel(Main.java:189)][INFO][main]-columnLabel是否分区索引
[2013-12-10 15:26:32][com.inspur.db2excel.Main.oneTable2Excel(Main.java:189)][INFO][main]-columnLabel存储时长(天)
[2013-12-10 15:26:32][com.inspur.db2excel.Main.oneTable2Excel(Main.java:189)][INFO][main]-columnLabel表名
[2013-12-10 15:26:32][com.inspur.db2excel.Main.oneTable2Excel(Main.java:189)][INFO][main]-columnLabel表大小(G)
[2013-12-10 15:26:32][com.inspur.db2excel.Main.oneTable2Excel(Main.java:189)][INFO][main]-columnLabel是否分区表
[2013-12-10 15:26:32][com.inspur.db2excel.Main.oneTable2Excel(Main.java:258)][INFO][main]-db_stat.xml:索引大小统计 保存了101条记录
[2013-12-10 15:26:33][com.inspur.db2excel.Main.oneTable2Excel(Main.java:258)][INFO][main]-db_stat.xml:索引大小统计 保存了201条记录
[2013-12-10 15:26:33][com.inspur.db2excel.Main.oneTable2Excel(Main.java:258)][INFO][main]-db_stat.xml:索引大小统计 保存了301条记录
[2013-12-10 15:26:33][com.inspur.db2excel.Main.oneTable2Excel(Main.java:258)][INFO][main]-db_stat.xml:索引大小统计 保存了401条记录
[2013-12-10 15:26:33][com.inspur.db2excel.Main.oneTable2Excel(Main.java:258)][INFO][main]-db_stat.xml:索引大小统计 保存了501条记录
[2013-12-10 15:26:33][com.inspur.db2excel.Main.oneTable2Excel(Main.java:258)][INFO][main]-db_stat.xml:索引大小统计 保存了601条记录
[2013-12-10 15:26:33][com.inspur.db2excel.Main.oneTable2Excel(Main.java:258)][INFO][main]-db_stat.xml:索引大小统计 保存了701条记录
[2013-12-10 15:26:33][com.inspur.db2excel.Main.oneTable2Excel(Main.java:258)][INFO][main]-db_stat.xml:索引大小统计 保存了801条记录
[2013-12-10 15:26:33][com.inspur.db2excel.Main.oneTable2Excel(Main.java:258)][INFO][main]-db_stat.xml:索引大小统计 保存了901条记录
[2013-12-10 15:26:33][com.inspur.db2excel.Main.oneTable2Excel(Main.java:258)][INFO][main]-db_stat.xml:索引大小统计 保存了1001条记录
[2013-12-10 15:26:33][com.inspur.db2excel.Main.oneTable2Excel(Main.java:258)][INFO][main]-db_stat.xml:索引大小统计 保存了1101条记录
[2013-12-10 15:26:33][com.inspur.db2excel.Main.oneTable2Excel(Main.java:258)][INFO][main]-db_stat.xml:索引大小统计 保存了1201条记录
[2013-12-10 15:26:33][com.inspur.db2excel.Main.oneTable2Excel(Main.java:258)][INFO][main]-db_stat.xml:索引大小统计 保存了1301条记录
[2013-12-10 15:26:33][com.inspur.db2excel.Main.oneTable2Excel(Main.java:258)][INFO][main]-db_stat.xml:索引大小统计 保存了1401条记录
[2013-12-10 15:26:33][com.inspur.db2excel.Main.oneTable2Excel(Main.java:258)][INFO][main]-db_stat.xml:索引大小统计 保存了1501条记录
[2013-12-10 15:26:33][com.inspur.db2excel.Main.oneTable2Excel(Main.java:258)][INFO][main]-db_stat.xml:索引大小统计 保存了1601条记录
[2013-12-10 15:26:33][com.inspur.db2excel.Main.oneTable2Excel(Main.java:258)][INFO][main]-db_stat.xml:索引大小统计 保存了1701条记录
[2013-12-10 15:26:33][com.inspur.db2excel.Main.oneTable2Excel(Main.java:258)][INFO][main]-db_stat.xml:索引大小统计 保存了1801条记录
[2013-12-10 15:26:33][com.inspur.db2excel.Main.oneTable2Excel(Main.java:258)][INFO][main]-db_stat.xml:索引大小统计 保存了1901条记录
[2013-12-10 15:26:33][com.inspur.db2excel.Main.oneTable2Excel(Main.java:258)][INFO][main]-db_stat.xml:索引大小统计 保存了2001条记录
[2013-12-10 15:26:33][com.inspur.db2excel.Main.oneTable2Excel(Main.java:258)][INFO][main]-db_stat.xml:索引大小统计 保存了2101条记录
[2013-12-10 15:26:33][com.inspur.db2excel.Main.oneTable2Excel(Main.java:267)][INFO][main]-db_stat.xml:索引大小统计 共保存了2176条记录
[2013-12-10 15:26:33][com.inspur.db2excel.Main.db2excel(Main.java:151)][INFO][main]-db_stat.xml:-----索引大小统计 生成完成-----
[2013-12-10 15:26:34][com.inspur.db2excel.Main.db2excel(Main.java:156)][INFO][main]-db_stat.xml:=====Excel文件../excel/dbstat//数据库表统计-20131210_152541.xls保存完成=====
